Arguments: 
  /usr/bin/node /usr/share/yarn/bin/yarn.js

PATH: 
  /home/the_ult/bin:/usr/local/bin:/usr/local/sbin:/usr/local/bin:/usr/sbin:/usr/bin:/sbin:/bin:/usr/games:/usr/local/games:/mnt/c/Program Files/Docker/Docker/resources/bin:/mnt/c/Program Files (x86)/Intel/iCLS Client:/mnt/c/Program Files/Dell/DW WLAN Card:/mnt/c/Program Files/Intel/iCLS Client:/mnt/c/ProgramData/Oracle/Java/javapath_target_3096891218:/mnt/c/Windows/System32:/mnt/c/Windows:/mnt/c/Windows/System32/wbem:/mnt/c/Windows/System32/WindowsPowerShell/v1.0:/mnt/c/Program Files/PuTTY:/mnt/d/Tools/Java/jdk1.8.0_152:/mnt/d/Tools/apache/apache-maven-3.5.0/bin:/mnt/c/Program Files (x86)/NVIDIA Corporation/PhysX/Common:/mnt/d/Tools/Git/mingw64/bin/git.exe:/mnt/c/Program Files (x86)/Intel/Intel(R) Management Engine Components/DAL:/mnt/c/Program Files/Intel/Intel(R) Management Engine Components/DAL:/mnt/c/Program Files (x86)/Intel/Intel(R) Management Engine Components/IPT:/mnt/c/Program Files/Intel/Intel(R) Management Engine Components/IPT:/mnt/d/Tools/Git/cmd:/mnt/c/Users/the_ult/AppData/Local/Microsoft/WindowsApps:/mnt/c/Program Files/Microsoft VS Code/bin:/home/the_ult/.npm-global/bin

Yarn version: 
  1.5.1

Node version: 
  8.11.1

Platform: 
  linux x64

npm manifest: 
  {
    "name": "truffle-init-webpack",
    "version": "0.0.2",
    "description": "Frontend example using truffle v3",
    "scripts": {
      "lint": "eslint ./",
      "build": "webpack",
      "dev": "webpack-dev-server",
      "truffle:compile": "truffle compile; truffle migrate"
    },
    "author": "Douglas von Kohorn",
    "license": "MIT",
    "devDependencies": {
      "babel-cli": "^6.22.2",
      "babel-core": "^6.22.1",
      "babel-eslint": "^6.1.2",
      "babel-loader": "^6.2.10",
      "babel-plugin-transform-runtime": "^6.22.0",
      "babel-preset-env": "^1.1.8",
      "babel-preset-es2015": "^6.22.0",
      "babel-register": "^6.22.0",
      "eslint": "^3.14.0",
      "eslint-config-standard": "^6.0.0",
      "eslint-plugin-babel": "^4.0.0",
      "eslint-plugin-mocha": "^4.8.0",
      "eslint-plugin-promise": "^3.0.0",
      "eslint-plugin-standard": "^2.0.0",
      "json-loader": "^0.5.4"
    }
  }

yarn manifest: 
  No manifest

Lockfile: 
  No lockfile

Trace: 
  Error: getaddrinfo EAI_AGAIN registry.yarnpkg.com:443
      at Object._errnoException (util.js:1022:11)
      at errnoException (dns.js:55:15)
      at GetAddrInfoReqWrap.onlookup [as oncomplete] (dns.js:92:26)
